{
  "RSpec": {
    "coverage": {
      "/Users/nadeemmalik/GoogleDrive/Projects/PTT/spec/insights_spec.rb": [
        1,
        null,
        1,
        null,
        1,
        null,
        5,
        null,
        1,
        1,
        1,
        1,
        null,
        null,
        null,
        1,
        1,
        1,
        1,
        null,
        null,
        null,
        1,
        1,
        1,
        1,
        null,
        null,
        null,
        1,
        1,
        1,
        1,
        null,
        null,
        null,
        null
      ],
      "/Users/nadeemmalik/GoogleDrive/Projects/PTT/lib/insights.rb": [
        1,
        null,
        1,
        null,
        1,
        1,
        null,
        1,
        4,
        null,
        null,
        1,
        1,
        null,
        null,
        1,
        1,
        null,
        null,
        1,
        1,
        12,
        1,
        1,
        null,
        null,
        1,
        1,
        13,
        1,
        null,
        null,
        1,
        null,
        1,
        4,
        null,
        null,
        1,
        36,
        36,
        null,
        null,
        1,
        3,
        null,
        3,
        36,
        36,
        36,
        null,
        null,
        3,
        null,
        null,
        1,
        36,
        null,
        null,
        1,
        1,
        null,
        null,
        1,
        1,
        null,
        null,
        null
      ],
      "/Users/nadeemmalik/GoogleDrive/Projects/PTT/lib/parser.rb": [
        1,
        null,
        1,
        null,
        1,
        5,
        5,
        null,
        null,
        1,
        null,
        1,
        5,
        5,
        null,
        null,
        1,
        5,
        5,
        null,
        null,
        1,
        5,
        null,
        null,
        null
      ],
      "/Users/nadeemmalik/GoogleDrive/Projects/PTT/spec/parser_spec.rb": [
        1,
        null,
        1,
        null,
        1,
        1,
        1,
        1,
        1,
        null,
        1,
        1,
        1,
        null,
        null,
        null,
        null
      ]
    },
    "timestamp": 1501786325
  }
}
